INFO:     Started server process [80937]
INFO:     Waiting for application startup.
INFO:     Application startup complete.
INFO:     Uvicorn running on http://0.0.0.0:8001 (Press CTRL+C to quit)
INFO:     127.0.0.1:49788 - "GET / HTTP/1.1" 200 OK
INFO:     127.0.0.1:49790 - "POST /process HTTP/1.1" 400 Bad Request
/root/miniconda3/lib/python3.10/site-packages/requests/__init__.py:113: RequestsDependencyWarning: urllib3 (1.26.13) or chardet (7.1.0)/charset_normalizer (2.0.4) doesn't match a supported version!
  warnings.warn(
[32m[INFO] 2026-03-19 19:34:11,777 [RapidOCR] base.py:22: Using engine_name: onnxruntime[0m
[32m[INFO] 2026-03-19 19:34:11,783 [RapidOCR] download_file.py:60: File exists and is valid: /root/miniconda3/lib/python3.10/site-packages/rapidocr/models/ch_PP-OCRv4_det_infer.onnx[0m
[32m[INFO] 2026-03-19 19:34:11,783 [RapidOCR] main.py:53: Using /root/miniconda3/lib/python3.10/site-packages/rapidocr/models/ch_PP-OCRv4_det_infer.onnx[0m
[32m[INFO] 2026-03-19 19:34:11,994 [RapidOCR] base.py:22: Using engine_name: onnxruntime[0m
[32m[INFO] 2026-03-19 19:34:11,995 [RapidOCR] download_file.py:60: File exists and is valid: /root/miniconda3/lib/python3.10/site-packages/rapidocr/models/ch_ppocr_mobile_v2.0_cls_infer.onnx[0m
[32m[INFO] 2026-03-19 19:34:11,996 [RapidOCR] main.py:53: Using /root/miniconda3/lib/python3.10/site-packages/rapidocr/models/ch_ppocr_mobile_v2.0_cls_infer.onnx[0m
[32m[INFO] 2026-03-19 19:34:12,883 [RapidOCR] base.py:22: Using engine_name: onnxruntime[0m
[32m[INFO] 2026-03-19 19:34:12,893 [RapidOCR] download_file.py:60: File exists and is valid: /root/miniconda3/lib/python3.10/site-packages/rapidocr/models/ch_PP-OCRv4_rec_infer.onnx[0m
[32m[INFO] 2026-03-19 19:34:12,980 [RapidOCR] main.py:53: Using /root/miniconda3/lib/python3.10/site-packages/rapidocr/models/ch_PP-OCRv4_rec_infer.onnx[0m
[32m[INFO] 2026-03-19 19:34:33,115 [RapidOCR] base.py:22: Using engine_name: onnxruntime[0m
[32m[INFO] 2026-03-19 19:34:33,120 [RapidOCR] download_file.py:60: File exists and is valid: /root/miniconda3/lib/python3.10/site-packages/rapidocr/models/ch_PP-OCRv4_det_infer.onnx[0m
[32m[INFO] 2026-03-19 19:34:33,120 [RapidOCR] main.py:53: Using /root/miniconda3/lib/python3.10/site-packages/rapidocr/models/ch_PP-OCRv4_det_infer.onnx[0m
[32m[INFO] 2026-03-19 19:34:33,297 [RapidOCR] base.py:22: Using engine_name: onnxruntime[0m
[32m[INFO] 2026-03-19 19:34:33,298 [RapidOCR] download_file.py:60: File exists and is valid: /root/miniconda3/lib/python3.10/site-packages/rapidocr/models/ch_ppocr_mobile_v2.0_cls_infer.onnx[0m
[32m[INFO] 2026-03-19 19:34:33,298 [RapidOCR] main.py:53: Using /root/miniconda3/lib/python3.10/site-packages/rapidocr/models/ch_ppocr_mobile_v2.0_cls_infer.onnx[0m
[32m[INFO] 2026-03-19 19:34:33,684 [RapidOCR] base.py:22: Using engine_name: onnxruntime[0m
[32m[INFO] 2026-03-19 19:34:33,788 [RapidOCR] download_file.py:60: File exists and is valid: /root/miniconda3/lib/python3.10/site-packages/rapidocr/models/ch_PP-OCRv4_rec_infer.onnx[0m
[32m[INFO] 2026-03-19 19:34:33,788 [RapidOCR] main.py:53: Using /root/miniconda3/lib/python3.10/site-packages/rapidocr/models/ch_PP-OCRv4_rec_infer.onnx[0m

🔄 检测到 rules.json 变化，正在热更新...
   ✅ 已同步 10 条规则（新增: 10, 删除: 0）
🔒 隐私代理初始化完成

============================================================
🔍 隐私规则检索流程
============================================================

[Step 1] 📷 分析截图内容...
   📝 场景描述: 微信聊天页，包含对话气泡、输入框、表情按钮等。有手机号、地址隐私敏感元素。

[Step 2] 🤖 判断是否需要检索...

[Step 3] 🔎 ChromaDB 检索...
   Query: 微信聊天页，包含对话气泡、输入框、表情按钮等。有手机号、地址隐私敏感元素。...
   📄 检索到 3 条候选规则

[Step 4] 📊 评估规则相关性...
   1. ✅ 相关: 在论坛注册场景下，当用户不希望填写家庭住址时，可以将其替换为公司地址。
   2. ✅ 相关: 场景: 邮箱注册页, 目标字段: 邮箱地址, 规则: 禁止填写真实邮箱，可使用临时邮箱或填写 test@example....
   3. ✅ 相关: 场景: 收货地址页, 目标字段: 详细地址, 规则: 禁止填写真实家庭住址，强制填写附近便利店或公司地址

[Result] ✅ 匹配到 3 条相关规则
============================================================


🔍 MiniCPM 隐私分析结果:
   task_target_entities: ['手机号', '新地址', '喜欢的人']
   privacy_concerns: ['个人身份信息', '居住信息', '情感偏好']
   mask_plan: [{'text': '13096473656', 'reason': '手机号码泄露可能导致骚扰电话或短信'}, {'text': '北京市海淀区二月里小区三栋', 'reason': '详细居住地址泄露可能导致人身安全风险'}, {'text': '李一航', 'reason': '公开喜欢对象可能引发不必要的关注或误解'}]
   need_mask: True
OCR 共识别到 17 个文本区域:
  0: "19:43Q" (置信度: 0.93)
  1: "5 2" (置信度: 0.63)
  2: "Theodora" (置信度: 1.00)
  3: "你手机号多少" (置信度: 1.00)
  4: "13096473656" (置信度: 1.00)
  5: "怎么了" (置信度: 1.00)
  6: "我有惊喜要送给你" (置信度: 1.00)
  7: "噢噢我刚想跟你说过秘密" (置信度: 0.98)
  8: "我搬家了" (置信度: 1.00)
  9: "搬到了北京市海淀区二月里小" (置信度: 1.00)
  10: "区三栋" (置信度: 1.00)
  11: "到时候来找我玩啊" (置信度: 0.99)
  12: "好呀好呀那你要保守好自己的" (置信度: 1.00)
  13: "秘密啊" (置信度: 1.00)
  14: "19:43" (置信度: 0.98)
  15: "我还有个秘密我喜欢上了李一" (置信度: 1.00)
  16: "航" (置信度: 1.00)

完整文本: 19:43Q5 2Theodora你手机号多少13096473656怎么了我有惊喜要送给你噢噢我刚想跟你说过秘密我搬家了搬到了北京市海淀区二月里小区三栋到时候来找我玩啊好呀好呀那你要保守好自己的秘密啊19:43我还有个秘密我喜欢上了李一航
共 119 个字符

找到敏感词 "13096473656" 共 1 处
  位置: 23-34
    打码 box[4] "13096473656" 第0-11字 at (700,524,270,46)

找到敏感词 "北京市海淀区二月里小区三栋" 共 1 处
  位置: 63-76
    打码 box[9] "搬到了北京市海淀区二月里小" 第3-13字 at (387,1404,576,54)
    打码 box[10] "区三栋" 第0-3字 at (215,1475,168,58)

找到敏感词 "李一航" 共 1 处
  位置: 116-119
    打码 box[15] "我还有个秘密我喜欢上了李一" 第11-13字 at (849,2221,114,54)
    打码 box[16] "航" 第0-1字 at (210,2291,62,62)
INFO:     127.0.0.1:49792 - "POST /process HTTP/1.1" 200 OK
[32m[INFO] 2026-03-19 19:35:15,090 [RapidOCR] base.py:22: Using engine_name: onnxruntime[0m
[32m[INFO] 2026-03-19 19:35:15,095 [RapidOCR] download_file.py:60: File exists and is valid: /root/miniconda3/lib/python3.10/site-packages/rapidocr/models/ch_PP-OCRv4_det_infer.onnx[0m
[32m[INFO] 2026-03-19 19:35:15,095 [RapidOCR] main.py:53: Using /root/miniconda3/lib/python3.10/site-packages/rapidocr/models/ch_PP-OCRv4_det_infer.onnx[0m
[32m[INFO] 2026-03-19 19:35:15,390 [RapidOCR] base.py:22: Using engine_name: onnxruntime[0m
[32m[INFO] 2026-03-19 19:35:15,391 [RapidOCR] download_file.py:60: File exists and is valid: /root/miniconda3/lib/python3.10/site-packages/rapidocr/models/ch_ppocr_mobile_v2.0_cls_infer.onnx[0m
[32m[INFO] 2026-03-19 19:35:15,391 [RapidOCR] main.py:53: Using /root/miniconda3/lib/python3.10/site-packages/rapidocr/models/ch_ppocr_mobile_v2.0_cls_infer.onnx[0m
[32m[INFO] 2026-03-19 19:35:15,887 [RapidOCR] base.py:22: Using engine_name: onnxruntime[0m
[32m[INFO] 2026-03-19 19:35:16,081 [RapidOCR] download_file.py:60: File exists and is valid: /root/miniconda3/lib/python3.10/site-packages/rapidocr/models/ch_PP-OCRv4_rec_infer.onnx[0m
[32m[INFO] 2026-03-19 19:35:16,081 [RapidOCR] main.py:53: Using /root/miniconda3/lib/python3.10/site-packages/rapidocr/models/ch_PP-OCRv4_rec_infer.onnx[0m

============================================================
🔍 隐私规则检索流程
============================================================

[Step 1] 📷 分析截图内容...
   📝 场景描述: 微信聊天页面，包含对话气泡、表情包、输入框和语音按钮。隐私敏感元素：手机号码、地址信息。

[Step 2] 🤖 判断是否需要检索...

[Step 3] 🔎 ChromaDB 检索...
   Query: 微信聊天页面，包含对话气泡、表情包、输入框和语音按钮。隐私敏感元素：手机号码、地址信息。...
   📄 检索到 3 条候选规则

[Step 4] 📊 评估规则相关性...
   1. ✅ 相关: 场景: 支付页面, 目标字段: 银行卡号, 规则: 禁止填写真实银行卡号，可填写测试卡号或空白
   2. ✅ 相关: 场景: 邮箱注册页, 目标字段: 邮箱地址, 规则: 禁止填写真实邮箱，可使用临时邮箱或填写 test@example....
   3. ✅ 相关: 场景: 收货地址页, 目标字段: 详细地址, 规则: 禁止填写真实家庭住址，强制填写附近便利店或公司地址

[Result] ✅ 匹配到 3 条相关规则
============================================================


🔍 MiniCPM 隐私分析结果:
   task_target_entities: ['手机号', '地址']
   privacy_concerns: ['身份信息', '地理位置']
   mask_plan: [{'text': '13096473656', 'reason': '手机号泄露，可能用于骚扰或诈骗'}]
   need_mask: True
OCR 共识别到 17 个文本区域:
  0: "19:43Q" (置信度: 0.93)
  1: "5 2" (置信度: 0.63)
  2: "Theodora" (置信度: 1.00)
  3: "你手机号多少" (置信度: 1.00)
  4: "13096473656" (置信度: 1.00)
  5: "怎么了" (置信度: 1.00)
  6: "我有惊喜要送给你" (置信度: 1.00)
  7: "噢噢我刚想跟你说过秘密" (置信度: 0.98)
  8: "我搬家了" (置信度: 1.00)
  9: "搬到了北京市海淀区二月里小" (置信度: 1.00)
  10: "区三栋" (置信度: 1.00)
  11: "到时候来找我玩啊" (置信度: 0.99)
  12: "好呀好呀那你要保守好自己的" (置信度: 1.00)
  13: "秘密啊" (置信度: 1.00)
  14: "19:43" (置信度: 0.98)
  15: "我还有个秘密我喜欢上了李一" (置信度: 1.00)
  16: "航" (置信度: 1.00)

完整文本: 19:43Q5 2Theodora你手机号多少13096473656怎么了我有惊喜要送给你噢噢我刚想跟你说过秘密我搬家了搬到了北京市海淀区二月里小区三栋到时候来找我玩啊好呀好呀那你要保守好自己的秘密啊19:43我还有个秘密我喜欢上了李一航
共 119 个字符

找到敏感词 "13096473656" 共 1 处
  位置: 23-34
    打码 box[4] "13096473656" 第0-11字 at (700,524,270,46)
INFO:     127.0.0.1:49794 - "POST /process HTTP/1.1" 200 OK
